C51 COMPILER V9.52.0.0   FIRST_RUN                                                         11/09/2017 18:29:13 PAGE 1   


C51 COMPILER V9.52.0.0, COMPILATION OF MODULE FIRST_RUN
OBJECT MODULE PLACED IN first_run.OBJ
COMPILER INVOKED BY: C:\Keil\C51\BIN\C51.EXE first_run.c BROWSE INCDIR(..\..\实验各章节程序\所用头文件) DEBUG OBJECTEXTE
                    -ND TABS(2)

line level    source

   1          #include<BoeBot.h>
   2          #include<uart.h>
   3          
   4          int L_zero=1539;
   5          int R_zero=1520;
   6          
   7          int L_speed_us(int ls)
   8          {
   9   1        if(ls<-200) return 1339;
  10   1        else if(ls>200) return 1739;
  11   1        else return L_zero+ls;
  12   1      }
  13          
  14          int R_speed_us(int rs)
  15          {
  16   1        if(rs<-200) return 1720;
  17   1        else if(rs>200) return 1320;
  18   1        else return R_zero-rs;
  19   1      }
  20          int main()
  21          {
  22   1        int sp,time_l,time_c;
  23   1        uart_Init();
  24   1        //while(1)
  25   1        {
  26   2          for(sp=20;sp<=200;sp+=20)
  27   2          {   
  28   3            P1_0=1;
  29   3            delay_nus(L_speed_us(sp));
  30   3            P1_0=0;
  31   3            
  32   3            P1_1=1;
  33   3            delay_nus(R_speed_us(sp));      
  34   3            P1_1=0;
  35   3            
  36   3            delay_nms(20);
  37   3          }
  38   2          for(time_l=0;time_l<10;time_l++)
  39   2          {
  40   3            P1_0=1;
  41   3            delay_nus(L_speed_us(200));
  42   3            P1_0=0;
  43   3            
  44   3            P1_1=1;
  45   3            delay_nus(R_speed_us(200));     
  46   3            P1_1=0;
  47   3            
  48   3            delay_nms(20);
  49   3          }
  50   2          for(time_c=0;time_c<46;time_c++)
  51   2          {
  52   3            P1_0=1;
  53   3            delay_nus(L_speed_us(20));
  54   3            P1_0=0;
C51 COMPILER V9.52.0.0   FIRST_RUN                                                         11/09/2017 18:29:13 PAGE 2   

  55   3            
  56   3            P1_1=1;
  57   3            delay_nus(R_speed_us(200));     
  58   3            P1_1=0;
  59   3            
  60   3            delay_nms(20);
  61   3          }
  62   2        }
  63   1      }
*** WARNING C290 IN LINE 63 OF first_run.c: missing return value


MODULE INFORMATION:   STATIC OVERLAYABLE
   CODE SIZE        =    446    ----
   CONSTANT SIZE    =   ----    ----
   XDATA SIZE       =   ----    ----
   PDATA SIZE       =   ----    ----
   DATA SIZE        =      8    ----
   IDATA SIZE       =     16    ----
   BIT SIZE         =      2    ----
END OF MODULE INFORMATION.


C51 COMPILATION COMPLETE.  1 WARNING(S),  0 ERROR(S)
