C51 COMPILER V9.52.0.0   LED_P10_TO_P60                                                    10/28/2017 14:52:42 PAGE 1   


C51 COMPILER V9.52.0.0, COMPILATION OF MODULE LED_P10_TO_P60
OBJECT MODULE PLACED IN LED_P10_TO_P60.OBJ
COMPILER INVOKED BY: C:\Keil\C51\BIN\C51.EXE LED_P10_TO_P60.c BROWSE INCDIR(..\..\实验各章节程序\所用头文件) DEBUG OBJEC
                    -TEXTEND TABS(2)

line level    source

   1          #include<uart.h>
   2          
   3          #include<BoeBot.h>
   4          
   5          int main()
   6          {
   7   1        uart_Init();
   8   1      
   9   1        while (1)
  10   1        {
  11   2          P1_0 = P1_1 = P1_3 = P1_4 = P1_5 = P1_6 = 1;
  12   2          delay_nms(100);
  13   2          
  14   2          P1_0 = P1_1 = P1_3 = P1_4 = P1_5 = P1_6 = 0;
  15   2          delay_nms(100);
  16   2        }
  17   1      }


MODULE INFORMATION:   STATIC OVERLAYABLE
   CODE SIZE        =    284    ----
   CONSTANT SIZE    =   ----    ----
   XDATA SIZE       =   ----    ----
   PDATA SIZE       =   ----    ----
   DATA SIZE        =      4    ----
   IDATA SIZE       =     16    ----
   BIT SIZE         =      2    ----
END OF MODULE INFORMATION.


C51 COMPILATION COMPLETE.  0 WARNING(S),  0 ERROR(S)
