C51 COMPILER V9.52.0.0   REDLED                                                            11/30/2017 20:44:21 PAGE 1   


C51 COMPILER V9.52.0.0, COMPILATION OF MODULE REDLED
OBJECT MODULE PLACED IN redLED.OBJ
COMPILER INVOKED BY: C:\Keil\C51\BIN\C51.EXE redLED.c BROWSE INCDIR(..\..\实验各章节程序\所用头文件) DEBUG OBJECTEXTEND 
                    -TABS(2)

line level    source

   1          #include< BoeBot.h>
   2          #include<uart.h>
   3          int L_zero=1480;
   4          int R_zero=1440;
   5          
   6          int L_speed_us(int ls)
   7          {
   8   1        if(ls<-200) return L_zero-200;
   9   1        else if(ls>200) return L_zero+200;
  10   1        else return L_zero+ls;
  11   1      }
  12          
  13          int R_speed_us(int rs)
  14          {
  15   1        if(rs<-200) return R_zero+200;
  16   1        else if(rs>200) return R_zero-200;
  17   1        else return R_zero-rs;
  18   1      }
  19          int P1_2state(void)
  20          {
  21   1        return (P1&0x04)?1:0;
  22   1      }
  23          int P3_5state(void)
  24          {
  25   1        return (P3&0x20)?1:0;
  26   1      }
  27          int main(void)
  28          {
  29   1        int sp;
  30   1        int counter;
  31   1        int irDetectLeft;
  32   1        int irDetectRight;
  33   1        uart_Init();
  34   1        printf("Program Running!\n");
  35   1        
  36   1      
  37   1          
  38   1          /*for(sp=200;sp>=0;sp-=200)
  39   1          { 
  40   1          P1_0=1;
  41   1            delay_nus(L_speed_us(sp));
  42   1            P1_0=0;
  43   1            
  44   1            P1_1=1;
  45   1            delay_nus(R_speed_us(sp));      
  46   1            P1_1=0;
  47   1            
  48   1            delay_nms(20);  
  49   1          }*/
  50   1          
  51   1        
  52   1          delay_nms(20);
  53   1          //delay_nms(10000);
  54   1      while(1)
C51 COMPILER V9.52.0.0   REDLED                                                            11/30/2017 20:44:21 PAGE 2   

  55   1        {
  56   2            for(sp=20;sp<=200;sp+=20)
  57   2          {   
  58   3            P1_0=1;
  59   3            delay_nus(L_speed_us(sp));
  60   3            P1_0=0;
  61   3            
  62   3            P1_1=1;
  63   3            delay_nus(R_speed_us(sp));      
  64   3            P1_1=0;
  65   3            
  66   3            delay_nms(20);
  67   3          }
  68   2          /*for(counter=0;counter<38;counter++)
  69   2          {
  70   2            P1_4=1;
  71   2            P3_6=1;
  72   2            delay_nus(13);
  73   2            P1_4=0;
  74   2            P3_6=0;  
  75   2            delay_nus(13);
  76   2           }*/
  77   2          irDetectLeft=P1_2state();
  78   2          irDetectRight=P3_5state();
  79   2          //printf("irDetectLeft=%d\t",irDetectLeft);
  80   2          //printf("irDetectRight=%d\n",irDetectRight);
  81   2          P1_0=1;
  82   2            delay_nus(L_speed_us(0));
  83   2            P1_0=0;
  84   2            
  85   2            P1_1=1;
  86   2            delay_nus(R_speed_us(0));     
  87   2            P1_1=0;
  88   2            
  89   2            delay_nms(20);
  90   2          if(1)
  91   2          {
  92   3            P1_0=1;
  93   3            delay_nus(L_speed_us(0));
  94   3            P1_0=0;
  95   3            
  96   3            P1_1=1;
  97   3            delay_nus(R_speed_us(0));     
  98   3            P1_1=0;
  99   3            
 100   3            delay_nms(20);
 101   3          }
 102   2          else
 103   2          {
 104   3            P1_0=1;
 105   3            delay_nus(L_speed_us(0));
 106   3            P1_0=0;
 107   3            
 108   3            P1_1=1;
 109   3            delay_nus(R_speed_us(0));     
 110   3            P1_1=0;
 111   3            
 112   3            delay_nms(20);
 113   3          }
 114   2          //delay_nms(100);
 115   2        }
 116   1      }
C51 COMPILER V9.52.0.0   REDLED                                                            11/30/2017 20:44:21 PAGE 3   

*** WARNING C280 IN LINE 30 OF redLED.c: 'counter': unreferenced local variable
*** WARNING C294 IN LINE 104 OF redLED.c: unreachable code


MODULE INFORMATION:   STATIC OVERLAYABLE
   CODE SIZE        =    492    ----
   CONSTANT SIZE    =     18    ----
   XDATA SIZE       =   ----    ----
   PDATA SIZE       =   ----    ----
   DATA SIZE        =      8       6
   IDATA SIZE       =     16    ----
   BIT SIZE         =      2    ----
END OF MODULE INFORMATION.


C51 COMPILATION COMPLETE.  2 WARNING(S),  0 ERROR(S)
