C51 COMPILER V9.52.0.0   WHAT7X11                                                          10/26/2017 20:51:34 PAGE 1   


C51 COMPILER V9.52.0.0, COMPILATION OF MODULE WHAT7X11
OBJECT MODULE PLACED IN what7X11.OBJ
COMPILER INVOKED BY: C:\Keil\C51\BIN\C51.EXE what7X11.c BROWSE INCDIR(..\..\实验各章节程序\所用头文件) DEBUG OBJECTEXTEN
                    -D TABS(2)

line level    source

   1          #include<uart.h>
   2          
   3          #include<BoeBot.h>
   4          
   5          int main()
   6          {
   7   1        uart_Init();
   8   1        
   9   1        printf("The answer is:%d\n");
  10   1        while (1)
  11   1        {
  12   2          P1_0 =1;
  13   2          delay_nms(50);
  14   2          
  15   2          P1_0 = 0;
  16   2          delay_nms(50);
  17   2        }
  18   1      }


MODULE INFORMATION:   STATIC OVERLAYABLE
   CODE SIZE        =    273    ----
   CONSTANT SIZE    =     18    ----
   XDATA SIZE       =   ----    ----
   PDATA SIZE       =   ----    ----
   DATA SIZE        =      4    ----
   IDATA SIZE       =     16    ----
   BIT SIZE         =      2    ----
END OF MODULE INFORMATION.


C51 COMPILATION COMPLETE.  0 WARNING(S),  0 ERROR(S)
